{
  "RSpec": {
    "coverage": {
      "/home/tungbt94/rubyws/getLinkMp3Zing/spec/getLinkMp3Zing_spec.rb": [
        1,
        null,
        1,
        1,
        1,
        1,
        1,
        null,
        1,
        1,
        1,
        1,
        null,
        null,
        null,
        1,
        null,
        1,
        1,
        null,
        null,
        null,
        1,
        1,
        1,
        null,
        null,
        null,
        null,
        1,
        1,
        1,
        1,
        null,
        null,
        null,
        1,
        1,
        1,
        null,
        null,
        null,
        1,
        1,
        1,
        null,
        null,
        null,
        null,
        1,
        1,
        1,
        1,
        null,
        null,
        null,
        1,
        1,
        1,
        null,
        null,
        null,
        1,
        1,
        1,
        null,
        null,
        null,
        null
      ],
      "/home/tungbt94/rubyws/getLinkMp3Zing/lib/getLinkMp3Zing.rb": [
        1,
        1,
        null,
        1,
        1,
        9,
        3,
        null,
        null,
        null,
        1,
        9,
        3,
        6,
        3,
        3,
        0,
        null,
        3,
        null,
        null,
        1,
        3,
        null,
        null,
        1,
        4,
        2,
        2,
        null,
        null,
        null,
        null,
        null,
        1,
        3,
        1,
        1,
        null,
        null,
        null,
        null,
        null
      ]
    },
    "timestamp": 1460088590
  }
}
